"[INFO ] 2023-12-05 16:31:24 [main] DBHandler - Connessione riuscita
"[INFO ] 2023-12-05 16:31:29 [main] DBHandler - Eliminato tabella partecipanti
"[INFO ] 2023-12-05 16:31:29 [main] DBHandler - Eliminato tabella estrazioni
"[INFO ] 2023-12-05 16:31:31 [main] DBHandler - Creato tabella partecipanti
"[INFO ] 2023-12-05 16:31:31 [main] DBHandler - Inserito partecipanti
"[INFO ] 2023-12-05 16:31:31 [main] DBHandler - Inserito partecipanti
"[INFO ] 2023-12-05 16:31:31 [main] DBHandler - Inserito partecipanti
"[INFO ] 2023-12-05 16:31:31 [main] DBHandler - Inserito partecipanti
"[INFO ] 2023-12-05 16:31:31 [main] DBHandler - Inserito partecipanti
"[INFO ] 2023-12-05 16:31:31 [main] DBHandler - Inserito partecipanti
"[INFO ] 2023-12-05 16:31:31 [main] DBHandler - Inserito partecipanti
"[INFO ] 2023-12-05 16:31:31 [main] DBHandler - Inserito partecipanti
"[INFO ] 2023-12-05 16:31:31 [main] DBHandler - Inserito partecipanti
"[INFO ] 2023-12-05 16:31:31 [main] DBHandler - Inserito partecipanti
"[INFO ] 2023-12-05 16:31:31 [main] DBHandler - Inserito partecipanti
"[INFO ] 2023-12-05 16:31:31 [main] DBHandler - Inserito partecipanti
"[INFO ] 2023-12-05 16:31:31 [main] DBHandler - Inserito partecipanti
"[INFO ] 2023-12-05 16:31:31 [main] DBHandler - Inserito partecipanti
"[INFO ] 2023-12-05 16:31:31 [main] DBHandler - Inserito partecipanti
"[INFO ] 2023-12-05 16:31:31 [main] DBHandler - Inserito partecipanti
"[INFO ] 2023-12-05 16:31:31 [main] DBHandler - Inserito partecipanti
"[INFO ] 2023-12-05 16:31:31 [main] DBHandler - Inserito partecipanti
"[INFO ] 2023-12-05 16:31:31 [main] DBHandler - Inserito partecipanti
"[INFO ] 2023-12-05 16:31:31 [main] DBHandler - Inserito partecipanti
"[INFO ] 2023-12-05 16:31:31 [main] DBHandler - Inserito partecipanti
"[INFO ] 2023-12-05 16:31:31 [main] DBHandler - Inserito partecipanti
"[INFO ] 2023-12-05 16:31:31 [main] DBHandler - Inserito partecipanti
"[INFO ] 2023-12-05 16:31:31 [main] DBHandler - Inserito partecipanti
"[INFO ] 2023-12-05 16:31:31 [main] DBHandler - Inserito partecipanti
"[INFO ] 2023-12-05 16:31:31 [main] DBHandler - Inserito partecipanti
"[INFO ] 2023-12-05 16:31:31 [main] DBHandler - Creato tabella estrazioni
"[INFO ] 2023-12-05 16:31:32 [main] DBHandler - Inserito estrazione
"[INFO ] 2023-12-05 16:32:14 [main] DBHandler - Connessione riuscita
"[INFO ] 2023-12-05 16:32:17 [main] DBHandler - Eliminato tabella partecipanti
"[INFO ] 2023-12-05 16:32:17 [main] DBHandler - Eliminato tabella estrazioni
"[INFO ] 2023-12-05 16:35:29 [main] DBHandler - Connessione riuscita
"[INFO ] 2023-12-05 16:35:32 [main] DBHandler - Eliminato tabella partecipanti
"[INFO ] 2023-12-05 16:35:32 [main] DBHandler - Eliminato tabella estrazioni
"[INFO ] 2023-12-05 16:35:33 [main] DBHandler - Creato tabella partecipanti
"[INFO ] 2023-12-05 16:35:33 [main] DBHandler - Inserito partecipanti
"[INFO ] 2023-12-05 16:35:33 [main] DBHandler - Inserito partecipanti
"[INFO ] 2023-12-05 16:35:33 [main] DBHandler - Inserito partecipanti
"[INFO ] 2023-12-05 16:35:33 [main] DBHandler - Inserito partecipanti
"[INFO ] 2023-12-05 16:35:33 [main] DBHandler - Inserito partecipanti
"[INFO ] 2023-12-05 16:35:33 [main] DBHandler - Inserito partecipanti
"[INFO ] 2023-12-05 16:35:33 [main] DBHandler - Inserito partecipanti
"[INFO ] 2023-12-05 16:35:33 [main] DBHandler - Inserito partecipanti
"[INFO ] 2023-12-05 16:35:33 [main] DBHandler - Inserito partecipanti
"[INFO ] 2023-12-05 16:35:33 [main] DBHandler - Inserito partecipanti
"[INFO ] 2023-12-05 16:35:33 [main] DBHandler - Inserito partecipanti
"[INFO ] 2023-12-05 16:35:33 [main] DBHandler - Inserito partecipanti
"[INFO ] 2023-12-05 16:35:33 [main] DBHandler - Inserito partecipanti
"[INFO ] 2023-12-05 16:35:33 [main] DBHandler - Inserito partecipanti
"[INFO ] 2023-12-05 16:35:33 [main] DBHandler - Inserito partecipanti
"[INFO ] 2023-12-05 16:35:33 [main] DBHandler - Inserito partecipanti
"[INFO ] 2023-12-05 16:35:33 [main] DBHandler - Inserito partecipanti
"[INFO ] 2023-12-05 16:35:33 [main] DBHandler - Inserito partecipanti
"[INFO ] 2023-12-05 16:35:33 [main] DBHandler - Inserito partecipanti
"[INFO ] 2023-12-05 16:35:33 [main] DBHandler - Inserito partecipanti
"[INFO ] 2023-12-05 16:35:33 [main] DBHandler - Inserito partecipanti
"[INFO ] 2023-12-05 16:35:33 [main] DBHandler - Inserito partecipanti
"[INFO ] 2023-12-05 16:35:33 [main] DBHandler - Inserito partecipanti
"[INFO ] 2023-12-05 16:35:33 [main] DBHandler - Inserito partecipanti
"[INFO ] 2023-12-05 16:35:33 [main] DBHandler - Inserito partecipanti
"[INFO ] 2023-12-05 16:35:33 [main] DBHandler - Inserito partecipanti
"[INFO ] 2023-12-05 16:35:33 [main] DBHandler - Creato tabella estrazioni
"[INFO ] 2023-12-05 16:44:56 [main] DBHandler - Connessione riuscita
"[INFO ] 2023-12-05 16:44:56 [main] DBHandler - Eliminato tabella partecipanti
"[INFO ] 2023-12-05 16:44:56 [main] DBHandler - Eliminato tabella estrazioni
"[INFO ] 2023-12-05 16:44:56 [main] DBHandler - Creato tabella partecipanti
"[INFO ] 2023-12-05 16:44:56 [main] DBHandler - Inserito partecipanti
"[INFO ] 2023-12-05 16:44:56 [main] DBHandler - Inserito partecipanti
"[INFO ] 2023-12-05 16:44:56 [main] DBHandler - Inserito partecipanti
"[INFO ] 2023-12-05 16:44:56 [main] DBHandler - Inserito partecipanti
"[INFO ] 2023-12-05 16:44:56 [main] DBHandler - Inserito partecipanti
"[INFO ] 2023-12-05 16:44:57 [main] DBHandler - Inserito partecipanti
"[INFO ] 2023-12-05 16:44:57 [main] DBHandler - Inserito partecipanti
"[INFO ] 2023-12-05 16:44:57 [main] DBHandler - Inserito partecipanti
"[INFO ] 2023-12-05 16:44:57 [main] DBHandler - Inserito partecipanti
"[INFO ] 2023-12-05 16:44:57 [main] DBHandler - Inserito partecipanti
"[INFO ] 2023-12-05 16:44:57 [main] DBHandler - Inserito partecipanti
"[INFO ] 2023-12-05 16:44:57 [main] DBHandler - Inserito partecipanti
"[INFO ] 2023-12-05 16:44:57 [main] DBHandler - Inserito partecipanti
"[INFO ] 2023-12-05 16:44:57 [main] DBHandler - Inserito partecipanti
"[INFO ] 2023-12-05 16:44:57 [main] DBHandler - Inserito partecipanti
"[INFO ] 2023-12-05 16:44:57 [main] DBHandler - Inserito partecipanti
"[INFO ] 2023-12-05 16:44:57 [main] DBHandler - Inserito partecipanti
"[INFO ] 2023-12-05 16:44:57 [main] DBHandler - Inserito partecipanti
"[INFO ] 2023-12-05 16:44:57 [main] DBHandler - Inserito partecipanti
"[INFO ] 2023-12-05 16:44:57 [main] DBHandler - Inserito partecipanti
"[INFO ] 2023-12-05 16:44:57 [main] DBHandler - Inserito partecipanti
"[INFO ] 2023-12-05 16:44:57 [main] DBHandler - Inserito partecipanti
"[INFO ] 2023-12-05 16:44:57 [main] DBHandler - Inserito partecipanti
"[INFO ] 2023-12-05 16:44:57 [main] DBHandler - Inserito partecipanti
"[INFO ] 2023-12-05 16:44:57 [main] DBHandler - Inserito partecipanti
"[INFO ] 2023-12-05 16:44:57 [main] DBHandler - Inserito partecipanti
"[INFO ] 2023-12-05 16:44:57 [main] DBHandler - Creato tabella estrazioni
"[INFO ] 2023-12-05 16:44:57 [main] DBHandler - Inserito partecipanti
"[INFO ] 2023-12-05 16:44:57 [main] DBHandler - Inserito partecipanti
"[INFO ] 2023-12-05 16:44:57 [main] DBHandler - Inserito partecipanti
"[INFO ] 2023-12-05 16:44:57 [main] DBHandler - Inserito partecipanti
"[INFO ] 2023-12-05 16:44:57 [main] DBHandler - Inserito partecipanti
"[INFO ] 2023-12-05 16:44:57 [main] DBHandler - Inserito partecipanti
"[INFO ] 2023-12-05 16:44:57 [main] DBHandler - Inserito partecipanti
"[INFO ] 2023-12-05 16:44:57 [main] DBHandler - Inserito partecipanti
"[INFO ] 2023-12-05 16:44:57 [main] DBHandler - Inserito partecipanti
"[INFO ] 2023-12-05 16:44:57 [main] DBHandler - Inserito partecipanti
"[INFO ] 2023-12-05 16:44:57 [main] DBHandler - Inserito partecipanti
"[INFO ] 2023-12-05 16:44:57 [main] DBHandler - Inserito partecipanti
"[INFO ] 2023-12-05 16:44:57 [main] DBHandler - Inserito partecipanti
"[INFO ] 2023-12-05 16:44:57 [main] DBHandler - Inserito partecipanti
"[INFO ] 2023-12-05 16:44:57 [main] DBHandler - Inserito partecipanti
"[INFO ] 2023-12-05 16:44:57 [main] DBHandler - Inserito partecipanti
"[INFO ] 2023-12-05 16:44:57 [main] DBHandler - Inserito partecipanti
"[INFO ] 2023-12-05 16:44:57 [main] DBHandler - Inserito partecipanti
"[INFO ] 2023-12-05 16:44:57 [main] DBHandler - Inserito partecipanti
"[INFO ] 2023-12-05 16:44:57 [main] DBHandler - Inserito partecipanti
"[INFO ] 2023-12-05 16:44:57 [main] DBHandler - Inserito partecipanti
"[INFO ] 2023-12-05 16:44:57 [main] DBHandler - Inserito partecipanti
"[INFO ] 2023-12-05 16:44:57 [main] DBHandler - Inserito partecipanti
"[INFO ] 2023-12-05 16:44:57 [main] DBHandler - Inserito partecipanti
"[INFO ] 2023-12-05 16:44:57 [main] DBHandler - Inserito partecipanti
"[INFO ] 2023-12-05 16:44:57 [main] DBHandler - Inserito partecipanti
"[INFO ] 2023-12-05 16:44:57 [main] DBHandler - Inserito estrazione
"[INFO ] 2023-12-05 16:44:57 [main] DBHandler - Inserito estrazione
"[INFO ] 2023-12-05 16:44:57 [main] DBHandler - Inserito estrazione
"[INFO ] 2023-12-05 16:44:57 [main] DBHandler - Inserito estrazione
"[INFO ] 2023-12-05 16:44:57 [main] DBHandler - Inserito estrazione
"[INFO ] 2023-12-05 16:44:57 [main] DBHandler - Inserito estrazione
"[INFO ] 2023-12-05 16:44:57 [main] DBHandler - Inserito estrazione
"[INFO ] 2023-12-05 16:44:57 [main] DBHandler - Inserito estrazione
"[INFO ] 2023-12-05 16:44:57 [main] DBHandler - Inserito estrazione
"[INFO ] 2023-12-05 16:44:57 [main] DBHandler - Inserito estrazione
"[INFO ] 2023-12-05 16:44:57 [main] DBHandler - Inserito estrazione
"[INFO ] 2023-12-05 16:44:57 [main] DBHandler - Inserito estrazione
"[INFO ] 2023-12-05 16:44:57 [main] DBHandler - Inserito estrazione
"[INFO ] 2023-12-05 16:44:57 [main] DBHandler - Inserito estrazione
"[INFO ] 2023-12-05 16:44:57 [main] DBHandler - Inserito estrazione
"[INFO ] 2023-12-05 16:44:57 [main] DBHandler - Inserito estrazione
"[INFO ] 2023-12-05 16:44:57 [main] DBHandler - Inserito estrazione
"[INFO ] 2023-12-05 16:44:57 [main] DBHandler - Inserito estrazione
"[INFO ] 2023-12-05 16:44:57 [main] DBHandler - Inserito estrazione
"[INFO ] 2023-12-05 16:44:57 [main] DBHandler - Inserito estrazione
"[INFO ] 2023-12-05 16:44:57 [main] DBHandler - Inserito estrazione
"[INFO ] 2023-12-05 16:44:57 [main] DBHandler - Inserito estrazione
"[INFO ] 2023-12-05 16:44:57 [main] DBHandler - Inserito estrazione
"[INFO ] 2023-12-05 16:44:57 [main] DBHandler - Inserito estrazione
"[INFO ] 2023-12-05 16:44:57 [main] DBHandler - Inserito estrazione
"[INFO ] 2023-12-05 16:44:57 [main] DBHandler - Inserito estrazione
"[INFO ] 2023-12-05 16:44:57 [main] DBHandler - Inserito estrazione
"[INFO ] 2023-12-05 16:44:57 [main] DBHandler - Inserito estrazione
"[INFO ] 2023-12-05 16:44:57 [main] DBHandler - Inserito estrazione
"[INFO ] 2023-12-05 16:44:57 [main] DBHandler - Inserito estrazione
"[INFO ] 2023-12-05 16:44:57 [main] DBHandler - Inserito estrazione
"[INFO ] 2023-12-05 16:44:57 [main] DBHandler - Inserito estrazione
"[INFO ] 2023-12-05 16:44:57 [main] DBHandler - Inserito estrazione
"[INFO ] 2023-12-05 16:44:57 [main] DBHandler - Inserito estrazione
"[INFO ] 2023-12-05 16:44:57 [main] DBHandler - Inserito estrazione
"[INFO ] 2023-12-05 16:44:57 [main] DBHandler - Inserito estrazione
"[INFO ] 2023-12-05 16:44:57 [main] DBHandler - Inserito estrazione
"[INFO ] 2023-12-05 16:44:57 [main] DBHandler - Inserito estrazione
"[INFO ] 2023-12-05 16:44:57 [main] DBHandler - Inserito estrazione
"[INFO ] 2023-12-05 16:44:57 [main] DBHandler - Inserito estrazione
"[INFO ] 2023-12-05 16:44:57 [main] DBHandler - Inserito estrazione
"[INFO ] 2023-12-05 16:44:57 [main] DBHandler - Inserito estrazione
"[INFO ] 2023-12-05 16:44:57 [main] DBHandler - Inserito estrazione
"[INFO ] 2023-12-05 16:44:57 [main] DBHandler - Inserito estrazione
"[INFO ] 2023-12-05 16:44:57 [main] DBHandler - Inserito estrazione
"[INFO ] 2023-12-05 16:44:57 [main] DBHandler - Inserito estrazione
"[INFO ] 2023-12-05 16:44:57 [main] DBHandler - Inserito estrazione
"[INFO ] 2023-12-05 16:44:57 [main] DBHandler - Inserito estrazione
"[INFO ] 2023-12-05 16:44:57 [main] DBHandler - Inserito estrazione
"[INFO ] 2023-12-05 16:44:57 [main] DBHandler - Inserito estrazione
"[INFO ] 2023-12-05 16:44:57 [main] DBHandler - Inserito estrazione
"[INFO ] 2023-12-05 16:44:57 [main] DBHandler - Inserito estrazione
"[INFO ] 2023-12-05 16:44:57 [main] DBHandler - Inserito estrazione
"[INFO ] 2023-12-05 16:44:57 [main] DBHandler - Inserito estrazione
"[INFO ] 2023-12-05 16:44:57 [main] DBHandler - Inserito estrazione
"[INFO ] 2023-12-05 16:44:57 [main] DBHandler - Inserito estrazione
"[INFO ] 2023-12-05 16:44:57 [main] DBHandler - Inserito estrazione
"[INFO ] 2023-12-05 16:44:57 [main] DBHandler - Inserito estrazione
"[INFO ] 2023-12-05 16:44:57 [main] DBHandler - Inserito estrazione
"[INFO ] 2023-12-05 16:44:57 [main] DBHandler - Inserito estrazione
"[INFO ] 2023-12-05 16:44:57 [main] DBHandler - Inserito estrazione
"[INFO ] 2023-12-05 16:44:57 [main] DBHandler - Inserito estrazione
"[INFO ] 2023-12-05 16:44:57 [main] DBHandler - Inserito estrazione
"[INFO ] 2023-12-05 16:44:57 [main] DBHandler - Inserito estrazione
"[INFO ] 2023-12-05 16:44:57 [main] DBHandler - Inserito estrazione
"[INFO ] 2023-12-05 16:44:57 [main] DBHandler - Inserito estrazione
"[INFO ] 2023-12-05 16:44:57 [main] DBHandler - Inserito estrazione
"[INFO ] 2023-12-05 16:44:57 [main] DBHandler - Inserito estrazione
"[INFO ] 2023-12-05 16:44:57 [main] DBHandler - Inserito estrazione
"[INFO ] 2023-12-05 16:44:57 [main] DBHandler - Inserito estrazione
"[INFO ] 2023-12-05 16:44:57 [main] DBHandler - Inserito estrazione
"[INFO ] 2023-12-05 16:44:57 [main] DBHandler - Inserito estrazione
"[INFO ] 2023-12-05 16:44:57 [main] DBHandler - Inserito estrazione
"[INFO ] 2023-12-05 16:44:57 [main] DBHandler - Inserito estrazione
"[INFO ] 2023-12-05 16:44:57 [main] DBHandler - Inserito estrazione
"[INFO ] 2023-12-05 16:44:57 [main] DBHandler - Inserito estrazione
"[INFO ] 2023-12-05 16:44:57 [main] DBHandler - Inserito estrazione
"[INFO ] 2023-12-05 16:44:57 [main] DBHandler - Inserito estrazione
"[INFO ] 2023-12-05 16:44:57 [main] DBHandler - Inserito estrazione
"[INFO ] 2023-12-05 16:44:57 [main] DBHandler - Inserito estrazione
"[INFO ] 2023-12-05 16:44:57 [main] DBHandler - Stampato file pdf
"[INFO ] 2023-12-05 16:46:16 [main] DBHandler - Connessione riuscita
"[INFO ] 2023-12-05 16:46:16 [main] DBHandler - Eliminato tabella partecipanti
"[INFO ] 2023-12-05 16:46:16 [main] DBHandler - Eliminato tabella estrazioni
"[INFO ] 2023-12-05 16:46:16 [main] DBHandler - Creato tabella partecipanti
"[INFO ] 2023-12-05 16:46:16 [main] DBHandler - Inserito partecipanti
"[INFO ] 2023-12-05 16:46:16 [main] DBHandler - Inserito partecipanti
"[INFO ] 2023-12-05 16:46:16 [main] DBHandler - Inserito partecipanti
"[INFO ] 2023-12-05 16:46:16 [main] DBHandler - Inserito partecipanti
"[INFO ] 2023-12-05 16:46:16 [main] DBHandler - Inserito partecipanti
"[INFO ] 2023-12-05 16:46:16 [main] DBHandler - Inserito partecipanti
"[INFO ] 2023-12-05 16:46:16 [main] DBHandler - Inserito partecipanti
"[INFO ] 2023-12-05 16:46:16 [main] DBHandler - Inserito partecipanti
"[INFO ] 2023-12-05 16:46:16 [main] DBHandler - Inserito partecipanti
"[INFO ] 2023-12-05 16:46:16 [main] DBHandler - Inserito partecipanti
"[INFO ] 2023-12-05 16:46:16 [main] DBHandler - Inserito partecipanti
"[INFO ] 2023-12-05 16:46:16 [main] DBHandler - Inserito partecipanti
"[INFO ] 2023-12-05 16:46:16 [main] DBHandler - Inserito partecipanti
"[INFO ] 2023-12-05 16:46:16 [main] DBHandler - Inserito partecipanti
"[INFO ] 2023-12-05 16:46:16 [main] DBHandler - Inserito partecipanti
"[INFO ] 2023-12-05 16:46:16 [main] DBHandler - Inserito partecipanti
"[INFO ] 2023-12-05 16:46:16 [main] DBHandler - Inserito partecipanti
"[INFO ] 2023-12-05 16:46:16 [main] DBHandler - Inserito partecipanti
"[INFO ] 2023-12-05 16:46:16 [main] DBHandler - Inserito partecipanti
"[INFO ] 2023-12-05 16:46:16 [main] DBHandler - Inserito partecipanti
"[INFO ] 2023-12-05 16:46:16 [main] DBHandler - Inserito partecipanti
"[INFO ] 2023-12-05 16:46:16 [main] DBHandler - Inserito partecipanti
"[INFO ] 2023-12-05 16:46:16 [main] DBHandler - Inserito partecipanti
"[INFO ] 2023-12-05 16:46:16 [main] DBHandler - Inserito partecipanti
"[INFO ] 2023-12-05 16:46:16 [main] DBHandler - Inserito partecipanti
"[INFO ] 2023-12-05 16:46:16 [main] DBHandler - Inserito partecipanti
"[INFO ] 2023-12-05 16:46:16 [main] DBHandler - Creato tabella estrazioni
"[INFO ] 2023-12-05 16:46:16 [main] DBHandler - Inserito partecipanti
"[INFO ] 2023-12-05 16:46:16 [main] DBHandler - Inserito partecipanti
"[INFO ] 2023-12-05 16:46:16 [main] DBHandler - Inserito partecipanti
"[INFO ] 2023-12-05 16:46:16 [main] DBHandler - Inserito partecipanti
"[INFO ] 2023-12-05 16:46:16 [main] DBHandler - Inserito partecipanti
"[INFO ] 2023-12-05 16:46:16 [main] DBHandler - Inserito partecipanti
"[INFO ] 2023-12-05 16:46:16 [main] DBHandler - Inserito partecipanti
"[INFO ] 2023-12-05 16:46:16 [main] DBHandler - Inserito partecipanti
"[INFO ] 2023-12-05 16:46:16 [main] DBHandler - Inserito partecipanti
"[INFO ] 2023-12-05 16:46:16 [main] DBHandler - Inserito partecipanti
"[INFO ] 2023-12-05 16:46:16 [main] DBHandler - Inserito partecipanti
"[INFO ] 2023-12-05 16:46:16 [main] DBHandler - Inserito partecipanti
"[INFO ] 2023-12-05 16:46:16 [main] DBHandler - Inserito partecipanti
"[INFO ] 2023-12-05 16:46:16 [main] DBHandler - Inserito partecipanti
"[INFO ] 2023-12-05 16:46:16 [main] DBHandler - Inserito partecipanti
"[INFO ] 2023-12-05 16:46:16 [main] DBHandler - Inserito partecipanti
"[INFO ] 2023-12-05 16:46:16 [main] DBHandler - Inserito partecipanti
"[INFO ] 2023-12-05 16:46:16 [main] DBHandler - Inserito partecipanti
"[INFO ] 2023-12-05 16:46:16 [main] DBHandler - Inserito partecipanti
"[INFO ] 2023-12-05 16:46:16 [main] DBHandler - Inserito partecipanti
"[INFO ] 2023-12-05 16:46:16 [main] DBHandler - Inserito partecipanti
"[INFO ] 2023-12-05 16:46:16 [main] DBHandler - Inserito partecipanti
"[INFO ] 2023-12-05 16:46:17 [main] DBHandler - Inserito partecipanti
"[INFO ] 2023-12-05 16:46:17 [main] DBHandler - Inserito partecipanti
"[INFO ] 2023-12-05 16:46:17 [main] DBHandler - Inserito partecipanti
"[INFO ] 2023-12-05 16:46:17 [main] DBHandler - Inserito partecipanti
"[INFO ] 2023-12-05 16:46:17 [main] DBHandler - Inserito estrazione
"[INFO ] 2023-12-05 16:46:17 [main] DBHandler - Inserito estrazione
"[INFO ] 2023-12-05 16:46:17 [main] DBHandler - Inserito estrazione
"[INFO ] 2023-12-05 16:46:17 [main] DBHandler - Inserito estrazione
"[INFO ] 2023-12-05 16:46:17 [main] DBHandler - Inserito estrazione
"[INFO ] 2023-12-05 16:46:17 [main] DBHandler - Inserito estrazione
"[INFO ] 2023-12-05 16:46:17 [main] DBHandler - Inserito estrazione
"[INFO ] 2023-12-05 16:46:17 [main] DBHandler - Inserito estrazione
"[INFO ] 2023-12-05 16:46:17 [main] DBHandler - Inserito estrazione
"[INFO ] 2023-12-05 16:46:17 [main] DBHandler - Inserito estrazione
"[INFO ] 2023-12-05 16:46:17 [main] DBHandler - Inserito estrazione
"[INFO ] 2023-12-05 16:46:17 [main] DBHandler - Inserito estrazione
"[INFO ] 2023-12-05 16:46:17 [main] DBHandler - Inserito estrazione
"[INFO ] 2023-12-05 16:46:17 [main] DBHandler - Inserito estrazione
"[INFO ] 2023-12-05 16:46:17 [main] DBHandler - Inserito estrazione
"[INFO ] 2023-12-05 16:46:17 [main] DBHandler - Inserito estrazione
"[INFO ] 2023-12-05 16:46:17 [main] DBHandler - Inserito estrazione
"[INFO ] 2023-12-05 16:46:17 [main] DBHandler - Inserito estrazione
"[INFO ] 2023-12-05 16:46:17 [main] DBHandler - Inserito estrazione
"[INFO ] 2023-12-05 16:46:17 [main] DBHandler - Inserito estrazione
"[INFO ] 2023-12-05 16:46:17 [main] DBHandler - Inserito estrazione
"[INFO ] 2023-12-05 16:46:17 [main] DBHandler - Inserito estrazione
"[INFO ] 2023-12-05 16:46:17 [main] DBHandler - Inserito estrazione
"[INFO ] 2023-12-05 16:46:17 [main] DBHandler - Inserito estrazione
"[INFO ] 2023-12-05 16:46:17 [main] DBHandler - Inserito estrazione
"[INFO ] 2023-12-05 16:46:17 [main] DBHandler - Inserito estrazione
"[INFO ] 2023-12-05 16:46:17 [main] DBHandler - Inserito estrazione
"[INFO ] 2023-12-05 16:46:17 [main] DBHandler - Inserito estrazione
"[INFO ] 2023-12-05 16:46:17 [main] DBHandler - Inserito estrazione
"[INFO ] 2023-12-05 16:46:17 [main] DBHandler - Inserito estrazione
"[INFO ] 2023-12-05 16:46:17 [main] DBHandler - Inserito estrazione
"[INFO ] 2023-12-05 16:46:17 [main] DBHandler - Inserito estrazione
"[INFO ] 2023-12-05 16:46:17 [main] DBHandler - Inserito estrazione
"[INFO ] 2023-12-05 16:46:17 [main] DBHandler - Inserito estrazione
"[INFO ] 2023-12-05 16:46:17 [main] DBHandler - Inserito estrazione
"[INFO ] 2023-12-05 16:46:17 [main] DBHandler - Inserito estrazione
"[INFO ] 2023-12-05 16:46:17 [main] DBHandler - Inserito estrazione
"[INFO ] 2023-12-05 16:46:17 [main] DBHandler - Inserito estrazione
"[INFO ] 2023-12-05 16:46:17 [main] DBHandler - Inserito estrazione
"[INFO ] 2023-12-05 16:46:17 [main] DBHandler - Inserito estrazione
"[INFO ] 2023-12-05 16:46:17 [main] DBHandler - Inserito estrazione
"[INFO ] 2023-12-05 16:46:17 [main] DBHandler - Inserito estrazione
"[INFO ] 2023-12-05 16:46:17 [main] DBHandler - Inserito estrazione
"[INFO ] 2023-12-05 16:46:17 [main] DBHandler - Inserito estrazione
"[INFO ] 2023-12-05 16:46:17 [main] DBHandler - Inserito estrazione
"[INFO ] 2023-12-05 16:46:17 [main] DBHandler - Inserito estrazione
"[INFO ] 2023-12-05 16:46:17 [main] DBHandler - Inserito estrazione
"[INFO ] 2023-12-05 16:46:17 [main] DBHandler - Inserito estrazione
"[INFO ] 2023-12-05 16:46:17 [main] DBHandler - Inserito estrazione
"[INFO ] 2023-12-05 16:46:17 [main] DBHandler - Inserito estrazione
"[INFO ] 2023-12-05 16:46:17 [main] DBHandler - Inserito estrazione
"[INFO ] 2023-12-05 16:46:17 [main] DBHandler - Inserito estrazione
"[INFO ] 2023-12-05 16:46:17 [main] DBHandler - Inserito estrazione
"[INFO ] 2023-12-05 16:46:17 [main] DBHandler - Inserito estrazione
"[INFO ] 2023-12-05 16:46:17 [main] DBHandler - Inserito estrazione
"[INFO ] 2023-12-05 16:46:17 [main] DBHandler - Inserito estrazione
"[INFO ] 2023-12-05 16:46:17 [main] DBHandler - Inserito estrazione
"[INFO ] 2023-12-05 16:46:17 [main] DBHandler - Inserito estrazione
"[INFO ] 2023-12-05 16:46:17 [main] DBHandler - Inserito estrazione
"[INFO ] 2023-12-05 16:46:17 [main] DBHandler - Inserito estrazione
"[INFO ] 2023-12-05 16:46:17 [main] DBHandler - Inserito estrazione
"[INFO ] 2023-12-05 16:46:17 [main] DBHandler - Inserito estrazione
"[INFO ] 2023-12-05 16:46:17 [main] DBHandler - Inserito estrazione
"[INFO ] 2023-12-05 16:46:17 [main] DBHandler - Inserito estrazione
"[INFO ] 2023-12-05 16:46:17 [main] DBHandler - Inserito estrazione
"[INFO ] 2023-12-05 16:46:17 [main] DBHandler - Inserito estrazione
"[INFO ] 2023-12-05 16:46:17 [main] DBHandler - Inserito estrazione
"[INFO ] 2023-12-05 16:46:17 [main] DBHandler - Inserito estrazione
"[INFO ] 2023-12-05 16:46:17 [main] DBHandler - Inserito estrazione
"[INFO ] 2023-12-05 16:46:17 [main] DBHandler - Inserito estrazione
"[INFO ] 2023-12-05 16:46:17 [main] DBHandler - Inserito estrazione
"[INFO ] 2023-12-05 16:46:17 [main] DBHandler - Inserito estrazione
"[INFO ] 2023-12-05 16:46:17 [main] DBHandler - Inserito estrazione
"[INFO ] 2023-12-05 16:46:17 [main] DBHandler - Inserito estrazione
"[INFO ] 2023-12-05 16:46:17 [main] DBHandler - Inserito estrazione
"[INFO ] 2023-12-05 16:46:17 [main] DBHandler - Inserito estrazione
"[INFO ] 2023-12-05 16:46:17 [main] DBHandler - Inserito estrazione
"[INFO ] 2023-12-05 16:46:17 [main] DBHandler - Inserito estrazione
"[INFO ] 2023-12-05 16:46:17 [main] DBHandler - Inserito estrazione
"[INFO ] 2023-12-05 16:46:17 [main] DBHandler - Inserito estrazione
"[INFO ] 2023-12-05 16:46:17 [main] DBHandler - Stampato file pdf
